<?xml version="1.0" encoding="UTF-8"?>
<!-- Generated by org.testng.reporters.JUnitReportReporter -->
<testsuite hostname="LAPTOP-4DJRFU6J" failures="0" tests="1" name="javaStream.StreamDemo" time="0.055" errors="0" timestamp="2024-04-09T20:00:16 IST" skipped="0">
  <testcase classname="javaStream.StreamDemo" name="streamCollect" time="0.055"/>
  <system-out/>
</testsuite> <!-- javaStream.StreamDemo -->
